[2024-06-16T03:14:01.152Z] Sending email...
[2024-06-16T03:14:02.385Z] Error sending email: Error: Invalid login: 534-5.7.9 Application-specific password required. For more information, go to
534 5.7.9  https://support.google.com/mail/?p=InvalidSecondFactor d9443c01a7336-1f855f43ce3sm56532415ad.278 - gsmtp
[2024-06-16T18:35:11.652Z] Sending email...
[2024-06-16T18:35:12.999Z] Error sending email: Invalid login: 534-5.7.9 Application-specific password required. For more information, go to
534 5.7.9  https://support.google.com/mail/?p=InvalidSecondFactor d9443c01a7336-1f855e6fa34sm66552285ad.79 - gsmtp
[2024-06-17T00:50:55.769Z] Sending email...
[2024-06-17T00:50:57.683Z] Error sending email: Invalid login: 534-5.7.9 Application-specific password required. For more information, go to
534 5.7.9  https://support.google.com/mail/?p=InvalidSecondFactor d2e1a72fcca58-705ccb6e19bsm6428013b3a.158 - gsmtp
[2024-06-17T01:29:18.702Z] Sending email...
[2024-06-17T01:29:20.649Z] Error sending email: Invalid login: 534-5.7.9 Application-specific password required. For more information, go to
534 5.7.9  https://support.google.com/mail/?p=InvalidSecondFactor d9443c01a7336-1f855effc2fsm69670485ad.190 - gsmtp
[2024-06-17T01:29:57.057Z] Sending email...
[2024-06-17T01:30:00.382Z] Email sent!
[2024-06-17T07:41:21.534Z] Sending email...
[2024-06-17T07:41:24.750Z] Email sent!
[2024-06-17T07:44:47.419Z] Sending email...
[2024-06-17T07:44:49.823Z] Email sent!
[2024-06-17T07:51:46.176Z] Sending email...
[2024-06-17T07:51:49.572Z] Email sent!
[2024-06-17T10:49:34.854Z] Sending email...
[2024-06-17T10:49:37.773Z] Email sent!
[2024-06-17T10:52:14.932Z] Sending email...
[2024-06-17T10:52:18.174Z] Email sent!
[2024-06-17T10:54:41.337Z] Sending email...
[2024-06-17T10:54:44.736Z] Email sent!
[2024-06-17T10:59:33.418Z] Sending email...
[2024-06-17T10:59:36.040Z] Email sent!
[2024-06-17T11:02:55.882Z] Sending email...
[2024-06-17T11:02:58.438Z] Email sent!
